<?xml version="1.0" encoding="utf-8" standalone="no"?>
<!--This file represents the results of running a test suite-->
<test-results name="C:\Users\DOMINIKA\Documents\Visual Studio 2010\Projects\KATA4\KATA4.Calculator.Tests\bin\Release\KATA4.Calculator.Tests.dll" total="2" errors="0" failures="0" not-run="0" inconclusive="0" ignored="0" skipped="0" invalid="0" date="2015-07-27" time="20:24:28">
  <environment nunit-version="2.6.4.14350" clr-version="2.0.50727.5485" os-version="Microsoft Windows NT 6.1.7601 Service Pack 1" platform="Win32NT" cwd="C:\Users\DOMINIKA\Desktop\NUnit-2.6.4\bin" machine-name="PRZEMEK-PC" user="DOMINIKA" user-domain="PRZEMEK-PC" />
  <culture-info current-culture="pl-PL" current-uiculture="pl-PL" />
  <test-suite type="Assembly" name="C:\Users\DOMINIKA\Documents\Visual Studio 2010\Projects\KATA4\KATA4.Calculator.Tests\bin\Release\KATA4.Calculator.Tests.dll" executed="True" result="Success" success="True" time="0.058" asserts="0">
    <results>
      <test-suite type="Namespace" name="KATA4" executed="True" result="Success" success="True" time="0.051" asserts="0">
        <results>
          <test-suite type="Namespace" name="Calculator" executed="True" result="Success" success="True" time="0.051" asserts="0">
            <results>
              <test-suite type="Namespace" name="Tests" executed="True" result="Success" success="True" time="0.051" asserts="0">
                <results>
                  <test-suite type="TestFixture" name="CalculatorTests" executed="True" result="Success" success="True" time="0.039" asserts="0">
                    <results>
                      <test-case name="KATA4.Calculator.Tests.CalculatorTests.when_1s_and_4_and_half_d_was_used" executed="True" result="Success" success="True" time="0.032" asserts="9" />
                      <test-case name="KATA4.Calculator.Tests.CalculatorTests.when_3s_was_used" executed="True" result="Success" success="True" time="0.000" asserts="5" />
                    </results>
                  </test-suite>
                </results>
              </test-suite>
            </results>
          </test-suite>
        </results>
      </test-suite>
    </results>
  </test-suite>
</test-results>