<?xml version="1.0" encoding="utf-8" standalone="no"?>
<!--This file represents the results of running a test suite-->
<test-results name="C:\Users\DOMINIKA\Documents\Visual Studio 2010\Projects\KATA4\KATA4.Calculator.Tests\bin\Debug\KATA4.Calculator.Tests.dll" total="2" errors="0" failures="1" not-run="0" inconclusive="0" ignored="0" skipped="0" invalid="0" date="2015-07-27" time="20:07:06">
  <environment nunit-version="2.6.4.14350" clr-version="2.0.50727.5485" os-version="Microsoft Windows NT 6.1.7601 Service Pack 1" platform="Win32NT" cwd="C:\Users\DOMINIKA\Desktop\NUnit-2.6.4\bin" machine-name="PRZEMEK-PC" user="DOMINIKA" user-domain="PRZEMEK-PC" />
  <culture-info current-culture="pl-PL" current-uiculture="pl-PL" />
  <test-suite type="Assembly" name="C:\Users\DOMINIKA\Documents\Visual Studio 2010\Projects\KATA4\KATA4.Calculator.Tests\bin\Debug\KATA4.Calculator.Tests.dll" executed="True" result="Failure" success="False" time="0.053" asserts="0">
    <results>
      <test-suite type="Namespace" name="KATA4" executed="True" result="Failure" success="False" time="0.047" asserts="0">
        <results>
          <test-suite type="Namespace" name="Calculator" executed="True" result="Failure" success="False" time="0.047" asserts="0">
            <results>
              <test-suite type="Namespace" name="Tests" executed="True" result="Failure" success="False" time="0.046" asserts="0">
                <results>
                  <test-suite type="TestFixture" name="CalculatorTests" executed="True" result="Failure" success="False" time="0.035" asserts="0">
                    <results>
                      <test-case name="KATA4.Calculator.Tests.CalculatorTests.TestMethod1" executed="True" result="Success" success="True" time="0.014" asserts="1" />
                      <test-case name="KATA4.Calculator.Tests.CalculatorTests.TestMethod2" executed="True" result="Failure" success="False" time="0.012" asserts="1">
                        <failure>
                          <message><![CDATA[  Expected: 1
  But was:  2
]]></message>
                          <stack-trace><![CDATA[w KATA4.Calculator.Tests.CalculatorTests.TestMethod2() w C:\Users\DOMINIKA\documents\visual studio 2010\Projects\KATA4\KATA4.Calculator.Tests\CalculatorTests.cs:wiersz 21
]]></stack-trace>
                        </failure>
                      </test-case>
                    </results>
                  </test-suite>
                </results>
              </test-suite>
            </results>
          </test-suite>
        </results>
      </test-suite>
    </results>
  </test-suite>
</test-results>